{"total": {"lines":{"total":18,"covered":13,"skipped":0,"pct":72.22},"statements":{"total":19,"covered":14,"skipped":0,"pct":73.68},"functions":{"total":6,"covered":2,"skipped":0,"pct":33.33},"branches":{"total":13,"covered":13,"skipped":0,"pct":100}}
,"/home/rodrigo/Documents/Study/redux-context-container/src/redux-context-container.js": {"lines":{"total":18,"covered":13,"skipped":0,"pct":72.22},"functions":{"total":6,"covered":2,"skipped":0,"pct":33.33},"statements":{"total":19,"covered":14,"skipped":0,"pct":73.68},"branches":{"total":13,"covered":13,"skipped":0,"pct":100}}
}
