{"total": {"lines":{"total":21,"covered":14,"skipped":0,"pct":66.67},"statements":{"total":22,"covered":15,"skipped":0,"pct":68.18},"functions":{"total":6,"covered":2,"skipped":0,"pct":33.33},"branches":{"total":14,"covered":14,"skipped":0,"pct":100}}
,"/home/rodrigo/Documents/Study/redux-context-container/src/redux-context-container.js": {"lines":{"total":21,"covered":14,"skipped":0,"pct":66.67},"functions":{"total":6,"covered":2,"skipped":0,"pct":33.33},"statements":{"total":22,"covered":15,"skipped":0,"pct":68.18},"branches":{"total":14,"covered":14,"skipped":0,"pct":100}}
}
