{"/home/rberlochi/Repos/redux-context-container/src/redux-context-container.js": {"path":"/home/rberlochi/Repos/redux-context-container/src/redux-context-container.js","statementMap":{"0":{"start":{"line":16,"column":38},"end":{"line":84,"column":1}},"1":{"start":{"line":16,"column":86},"end":{"line":84,"column":1}},"2":{"start":{"line":18,"column":4},"end":{"line":22,"column":5}},"3":{"start":{"line":19,"column":8},"end":{"line":21,"column":10}},"4":{"start":{"line":24,"column":4},"end":{"line":32,"column":5}},"5":{"start":{"line":29,"column":8},"end":{"line":31,"column":10}},"6":{"start":{"line":34,"column":4},"end":{"line":36,"column":5}},"7":{"start":{"line":35,"column":8},"end":{"line":35,"column":58}},"8":{"start":{"line":38,"column":20},"end":{"line":38,"column":43}},"9":{"start":{"line":45,"column":40},"end":{"line":45,"column":50}},"10":{"start":{"line":47,"column":12},"end":{"line":51,"column":14}},"11":{"start":{"line":57,"column":29},"end":{"line":57,"column":92}},"12":{"start":{"line":63,"column":8},"end":{"line":69,"column":9}},"13":{"start":{"line":64,"column":12},"end":{"line":68,"column":14}},"14":{"start":{"line":66,"column":32},"end":{"line":66,"column":69}},"15":{"start":{"line":75,"column":19},"end":{"line":75,"column":37}},"16":{"start":{"line":76,"column":20},"end":{"line":76,"column":42}},"17":{"start":{"line":77,"column":26},"end":{"line":77,"column":46}},"18":{"start":{"line":80,"column":4},"end":{"line":83,"column":5}}},"fnMap":{"0":{"name":"(anonymous_0)","decl":{"start":{"line":16,"column":38},"end":{"line":16,"column":39}},"loc":{"start":{"line":16,"column":86},"end":{"line":84,"column":1}},"line":16},"1":{"name":"(anonymous_1)","decl":{"start":{"line":16,"column":86},"end":{"line":16,"column":87}},"loc":{"start":{"line":16,"column":103},"end":{"line":84,"column":1}},"line":16},"2":{"name":"(anonymous_2)","decl":{"start":{"line":44,"column":8},"end":{"line":44,"column":9}},"loc":{"start":{"line":44,"column":17},"end":{"line":52,"column":9}},"line":44},"3":{"name":"withContext","decl":{"start":{"line":62,"column":13},"end":{"line":62,"column":24}},"loc":{"start":{"line":62,"column":37},"end":{"line":70,"column":5}},"line":62},"4":{"name":"WrappedComponent","decl":{"start":{"line":63,"column":24},"end":{"line":63,"column":40}},"loc":{"start":{"line":63,"column":49},"end":{"line":69,"column":9}},"line":63},"5":{"name":"(anonymous_5)","decl":{"start":{"line":66,"column":21},"end":{"line":66,"column":22}},"loc":{"start":{"line":66,"column":32},"end":{"line":66,"column":69}},"line":66}},"branchMap":{"0":{"loc":{"start":{"line":16,"column":56},"end":{"line":16,"column":81}},"type":"default-arg","locations":[{"start":{"line":16,"column":77},"end":{"line":16,"column":81}}],"line":16},"1":{"loc":{"start":{"line":16,"column":87},"end":{"line":16,"column":98}},"type":"default-arg","locations":[{"start":{"line":16,"column":96},"end":{"line":16,"column":98}}],"line":16},"2":{"loc":{"start":{"line":18,"column":4},"end":{"line":22,"column":5}},"type":"if","locations":[{"start":{"line":18,"column":4},"end":{"line":22,"column":5}},{"start":{"line":18,"column":4},"end":{"line":22,"column":5}}],"line":18},"3":{"loc":{"start":{"line":18,"column":8},"end":{"line":18,"column":73}},"type":"binary-expr","locations":[{"start":{"line":18,"column":8},"end":{"line":18,"column":32}},{"start":{"line":18,"column":36},"end":{"line":18,"column":73}}],"line":18},"4":{"loc":{"start":{"line":24,"column":4},"end":{"line":32,"column":5}},"type":"if","locations":[{"start":{"line":24,"column":4},"end":{"line":32,"column":5}},{"start":{"line":24,"column":4},"end":{"line":32,"column":5}}],"line":24},"5":{"loc":{"start":{"line":25,"column":8},"end":{"line":27,"column":49}},"type":"binary-expr","locations":[{"start":{"line":25,"column":8},"end":{"line":25,"column":35}},{"start":{"line":26,"column":11},"end":{"line":26,"column":51}},{"start":{"line":27,"column":11},"end":{"line":27,"column":49}}],"line":25},"6":{"loc":{"start":{"line":34,"column":4},"end":{"line":36,"column":5}},"type":"if","locations":[{"start":{"line":34,"column":4},"end":{"line":36,"column":5}},{"start":{"line":34,"column":4},"end":{"line":36,"column":5}}],"line":34}},"s":{"0":1,"1":12,"2":11,"3":1,"4":10,"5":1,"6":9,"7":1,"8":8,"9":1,"10":1,"11":8,"12":1,"13":1,"14":1,"15":8,"16":8,"17":8,"18":8},"f":{"0":12,"1":11,"2":1,"3":1,"4":1,"5":1},"b":{"0":[5],"1":[6],"2":[1,10],"3":[11,10],"4":[1,9],"5":[10,4,1],"6":[1,8]},"_coverageSchema":"43e27e138ebf9cfc5966b082cf9a028302ed4184","hash":"6aae47db68fefad1247f68e4ac5801517160041d"}
}
