{"/home/rodrigo/Documents/Study/redux-context-container/src/redux-context-container.js": {"path":"/home/rodrigo/Documents/Study/redux-context-container/src/redux-context-container.js","statementMap":{"0":{"start":{"line":16,"column":70},"end":{"line":108,"column":1}},"1":{"start":{"line":20,"column":2},"end":{"line":24,"column":3}},"2":{"start":{"line":21,"column":4},"end":{"line":23,"column":6}},"3":{"start":{"line":26,"column":2},"end":{"line":34,"column":3}},"4":{"start":{"line":31,"column":4},"end":{"line":33,"column":6}},"5":{"start":{"line":36,"column":2},"end":{"line":38,"column":3}},"6":{"start":{"line":37,"column":4},"end":{"line":37,"column":54}},"7":{"start":{"line":41,"column":18},"end":{"line":41,"column":33}},"8":{"start":{"line":42,"column":33},"end":{"line":42,"column":40}},"9":{"start":{"line":55,"column":4},"end":{"line":65,"column":6}},"10":{"start":{"line":58,"column":6},"end":{"line":64,"column":8}},"11":{"start":{"line":61,"column":12},"end":{"line":61,"column":57}},"12":{"start":{"line":81,"column":41},"end":{"line":81,"column":51}},"13":{"start":{"line":83,"column":6},"end":{"line":83,"column":70}},"14":{"start":{"line":90,"column":17},"end":{"line":90,"column":35}},"15":{"start":{"line":91,"column":18},"end":{"line":91,"column":40}},"16":{"start":{"line":92,"column":24},"end":{"line":92,"column":44}},"17":{"start":{"line":98,"column":20},"end":{"line":101,"column":19}},"18":{"start":{"line":104,"column":2},"end":{"line":107,"column":4}}},"fnMap":{"0":{"name":"(anonymous_0)","decl":{"start":{"line":16,"column":15},"end":{"line":16,"column":16}},"loc":{"start":{"line":16,"column":70},"end":{"line":108,"column":1}},"line":16},"1":{"name":"(anonymous_1)","decl":{"start":{"line":16,"column":70},"end":{"line":16,"column":71}},"loc":{"start":{"line":18,"column":5},"end":{"line":108,"column":1}},"line":18},"2":{"name":"withContext","decl":{"start":{"line":54,"column":11},"end":{"line":54,"column":22}},"loc":{"start":{"line":54,"column":34},"end":{"line":66,"column":3}},"line":54},"3":{"name":"WrapperComponent","decl":{"start":{"line":55,"column":20},"end":{"line":55,"column":36}},"loc":{"start":{"line":55,"column":44},"end":{"line":65,"column":5}},"line":55},"4":{"name":"(anonymous_4)","decl":{"start":{"line":60,"column":11},"end":{"line":60,"column":12}},"loc":{"start":{"line":60,"column":22},"end":{"line":62,"column":11}},"line":60},"5":{"name":"(anonymous_5)","decl":{"start":{"line":80,"column":4},"end":{"line":80,"column":5}},"loc":{"start":{"line":80,"column":13},"end":{"line":84,"column":5}},"line":80}},"branchMap":{"0":{"loc":{"start":{"line":16,"column":16},"end":{"line":16,"column":38}},"type":"default-arg","locations":[{"start":{"line":16,"column":34},"end":{"line":16,"column":38}}],"line":16},"1":{"loc":{"start":{"line":16,"column":40},"end":{"line":16,"column":65}},"type":"default-arg","locations":[{"start":{"line":16,"column":61},"end":{"line":16,"column":65}}],"line":16},"2":{"loc":{"start":{"line":17,"column":2},"end":{"line":17,"column":13}},"type":"default-arg","locations":[{"start":{"line":17,"column":11},"end":{"line":17,"column":13}}],"line":17},"3":{"loc":{"start":{"line":20,"column":2},"end":{"line":24,"column":3}},"type":"if","locations":[{"start":{"line":20,"column":2},"end":{"line":24,"column":3}},{"start":{"line":20,"column":2},"end":{"line":24,"column":3}}],"line":20},"4":{"loc":{"start":{"line":20,"column":6},"end":{"line":20,"column":71}},"type":"binary-expr","locations":[{"start":{"line":20,"column":6},"end":{"line":20,"column":30}},{"start":{"line":20,"column":34},"end":{"line":20,"column":71}}],"line":20},"5":{"loc":{"start":{"line":26,"column":2},"end":{"line":34,"column":3}},"type":"if","locations":[{"start":{"line":26,"column":2},"end":{"line":34,"column":3}},{"start":{"line":26,"column":2},"end":{"line":34,"column":3}}],"line":26},"6":{"loc":{"start":{"line":27,"column":4},"end":{"line":29,"column":45}},"type":"binary-expr","locations":[{"start":{"line":27,"column":4},"end":{"line":27,"column":31}},{"start":{"line":28,"column":7},"end":{"line":28,"column":47}},{"start":{"line":29,"column":7},"end":{"line":29,"column":45}}],"line":27},"7":{"loc":{"start":{"line":36,"column":2},"end":{"line":38,"column":3}},"type":"if","locations":[{"start":{"line":36,"column":2},"end":{"line":38,"column":3}},{"start":{"line":36,"column":2},"end":{"line":38,"column":3}}],"line":36}},"s":{"0":11,"1":10,"2":1,"3":9,"4":1,"5":8,"6":1,"7":7,"8":7,"9":1,"10":1,"11":1,"12":1,"13":1,"14":7,"15":7,"16":7,"17":7,"18":7},"f":{"0":11,"1":10,"2":1,"3":1,"4":1,"5":1},"b":{"0":[1],"1":[4],"2":[6],"3":[1,9],"4":[10,9],"5":[1,8],"6":[9,4,1],"7":[1,7]},"_coverageSchema":"43e27e138ebf9cfc5966b082cf9a028302ed4184","hash":"090574cdfde4c1d015f5297fb46b1987101f69ed"}
}
