TN:
SF:/home/rberlochi/Repos/redux-context-container/src/redux-context-container.js
FN:16,(anonymous_0)
FN:16,(anonymous_1)
FN:44,(anonymous_2)
FN:62,withContext
FN:63,WrappedComponent
FN:66,(anonymous_5)
FNF:6
FNH:6
FNDA:12,(anonymous_0)
FNDA:11,(anonymous_1)
FNDA:1,(anonymous_2)
FNDA:1,withContext
FNDA:1,WrappedComponent
FNDA:1,(anonymous_5)
DA:16,12
DA:18,11
DA:19,1
DA:24,10
DA:29,1
DA:34,9
DA:35,1
DA:38,8
DA:45,1
DA:47,1
DA:57,8
DA:63,1
DA:64,1
DA:66,1
DA:75,8
DA:76,8
DA:77,8
DA:80,8
LF:18
LH:18
BRDA:16,0,0,5
BRDA:16,1,0,6
BRDA:18,2,0,1
BRDA:18,2,1,10
BRDA:18,3,0,11
BRDA:18,3,1,10
BRDA:24,4,0,1
BRDA:24,4,1,9
BRDA:25,5,0,10
BRDA:25,5,1,4
BRDA:25,5,2,1
BRDA:34,6,0,1
BRDA:34,6,1,8
BRF:13
BRH:13
end_of_record
