TN:
SF:/home/rodrigo/Documents/Study/redux-context-container/src/redux-context-container.js
FN:16,(anonymous_0)
FN:16,(anonymous_1)
FN:54,withContext
FN:55,WrapperComponent
FN:60,(anonymous_4)
FN:80,(anonymous_5)
FNF:6
FNH:2
FNDA:11,(anonymous_0)
FNDA:10,(anonymous_1)
FNDA:0,withContext
FNDA:0,WrapperComponent
FNDA:0,(anonymous_4)
FNDA:0,(anonymous_5)
DA:16,11
DA:20,10
DA:21,1
DA:26,9
DA:31,1
DA:36,8
DA:37,1
DA:41,7
DA:42,7
DA:55,0
DA:58,0
DA:61,0
DA:81,0
DA:82,0
DA:83,0
DA:84,0
DA:91,7
DA:92,7
DA:93,7
DA:99,7
DA:105,7
LF:21
LH:14
BRDA:16,0,0,1
BRDA:16,1,0,4
BRDA:17,2,0,6
BRDA:20,3,0,1
BRDA:20,3,1,9
BRDA:20,4,0,10
BRDA:20,4,1,9
BRDA:26,5,0,1
BRDA:26,5,1,8
BRDA:27,6,0,9
BRDA:27,6,1,4
BRDA:27,6,2,1
BRDA:36,7,0,1
BRDA:36,7,1,7
BRF:14
BRH:14
end_of_record
